2025-12-18 08:17:53 DEBUG TestNG:82 -
			suiteXmlPath: "C:\Users\Chithra\OneDrive\Desktop\Chithra_GSIT\Dec_My Automation Framework\OpenCart_My_Automation\grouping.xml"
2025-12-18 08:17:54 INFO  Utils:112 -
			[TestNG] Running:
  C:\Users\Chithra\OneDrive\Desktop\Chithra_GSIT\Dec_My Automation Framework\OpenCart_My_Automation\grouping.xml

2025-12-18 12:10:24 DEBUG TestNG:82 -
			suiteXmlPath: "C:\Users\Chithra\OneDrive\Desktop\Chithra_GSIT\Dec_My Automation Framework\OpenCart_My_Automation\grouping.xml"
2025-12-18 12:10:24 INFO  Utils:112 -
			[TestNG] Running:
  C:\Users\Chithra\OneDrive\Desktop\Chithra_GSIT\Dec_My Automation Framework\OpenCart_My_Automation\grouping.xml

2025-12-18 12:14:02 DEBUG TestNG:82 -
			suiteXmlPath: "C:\Users\Chithra\OneDrive\Desktop\Chithra_GSIT\Dec_My Automation Framework\OpenCart_My_Automation\grouping.xml"
2025-12-18 12:14:03 INFO  Utils:112 -
			[TestNG] Running:
  C:\Users\Chithra\OneDrive\Desktop\Chithra_GSIT\Dec_My Automation Framework\OpenCart_My_Automation\grouping.xml

2025-12-18 12:15:46 DEBUG TestNG:82 -
			suiteXmlPath: "C:\Users\Chithra\OneDrive\Desktop\Chithra_GSIT\Dec_My Automation Framework\OpenCart_My_Automation\grouping.xml"
2025-12-18 12:15:46 WARN  TestNGContentHandler:133 -
			It is strongly recommended to add "<!DOCTYPE suite SYSTEM "https://testng.org/testng-1.1.dtd" >" at the top of the suite file [C:\Users\Chithra\OneDrive\Desktop\Chithra_GSIT\Dec_My Automation Framework\OpenCart_My_Automation\grouping.xml] otherwise TestNG may fail or not work as expected.
2025-12-18 12:15:46 INFO  Utils:112 -
			[TestNG] Running:
  C:\Users\Chithra\OneDrive\Desktop\Chithra_GSIT\Dec_My Automation Framework\OpenCart_My_Automation\grouping.xml

2025-12-18 12:15:51 INFO  TC_002_LoginTest:20 -
			****Starting TC_002_LoginTest*********
2025-12-18 12:15:57 INFO  TC_001_AccountRegistrationTest:15 -
			Starting TC001_AccountRegistrationTest
2025-12-18 12:15:57 DEBUG TC_001_AccountRegistrationTest:16 -
			This is a debug log message
2025-12-18 12:15:57 INFO  TC_001_AccountRegistrationTest:19 -
			Clicked on MyAccount link
2025-12-18 12:15:58 INFO  TC_001_AccountRegistrationTest:22 -
			Clicked on Register link
2025-12-18 12:15:58 INFO  TC_001_AccountRegistrationTest:25 -
			Providing Customer details
2025-12-18 12:16:00 INFO  TC_001_AccountRegistrationTest:36 -
			Validating expected message....
2025-12-18 12:16:00 INFO  TC_001_AccountRegistrationTest:48 -
			** Finished TC001_Account ***
2025-12-18 12:18:09 DEBUG TestNG:82 -
			suiteXmlPath: "C:\Users\Chithra\OneDrive\Desktop\Chithra_GSIT\Dec_My Automation Framework\OpenCart_My_Automation\grouping.xml"
2025-12-18 12:18:10 INFO  Utils:112 -
			[TestNG] Running:
  C:\Users\Chithra\OneDrive\Desktop\Chithra_GSIT\Dec_My Automation Framework\OpenCart_My_Automation\grouping.xml

2025-12-18 12:18:13 INFO  TC_001_AccountRegistrationTest:15 -
			Starting TC001_AccountRegistrationTest
2025-12-18 12:18:13 DEBUG TC_001_AccountRegistrationTest:16 -
			This is a debug log message
2025-12-18 12:18:14 INFO  TC_001_AccountRegistrationTest:19 -
			Clicked on MyAccount link
2025-12-18 12:18:14 INFO  TC_001_AccountRegistrationTest:22 -
			Clicked on Register link
2025-12-18 12:18:14 INFO  TC_001_AccountRegistrationTest:25 -
			Providing Customer details
2025-12-18 12:18:15 INFO  TC_001_AccountRegistrationTest:36 -
			Validating expected message....
2025-12-18 12:18:16 INFO  TC_001_AccountRegistrationTest:48 -
			** Finished TC001_Account ***
2025-12-18 12:18:19 INFO  TC_002_LoginTest:20 -
			****Starting TC_002_LoginTest*********
2025-12-18 12:32:49 DEBUG TestNG:82 -
			suiteXmlPath: "C:\Users\Chithra\OneDrive\Desktop\Chithra_GSIT\Dec_My Automation Framework\OpenCart_My_Automation\grouping.xml"
2025-12-18 12:32:49 INFO  Utils:112 -
			[TestNG] Running:
  C:\Users\Chithra\OneDrive\Desktop\Chithra_GSIT\Dec_My Automation Framework\OpenCart_My_Automation\grouping.xml

2025-12-18 12:32:53 INFO  TC_001_AccountRegistrationTest:15 -
			Starting TC001_AccountRegistrationTest
2025-12-18 12:32:53 DEBUG TC_001_AccountRegistrationTest:16 -
			This is a debug log message
2025-12-18 12:32:53 INFO  TC_001_AccountRegistrationTest:19 -
			Clicked on MyAccount link
2025-12-18 12:32:54 INFO  TC_001_AccountRegistrationTest:22 -
			Clicked on Register link
2025-12-18 12:32:54 INFO  TC_001_AccountRegistrationTest:25 -
			Providing Customer details
2025-12-18 12:32:55 INFO  TC_001_AccountRegistrationTest:36 -
			Validating expected message....
2025-12-18 12:32:55 INFO  TC_001_AccountRegistrationTest:48 -
			** Finished TC001_Account ***
2025-12-18 12:32:58 INFO  TC_002_LoginTest:20 -
			****Starting TC_002_LoginTest*********
2025-12-18 19:38:04 DEBUG TestNG:82 -
			suiteXmlPath: "C:\Users\Chithra\OneDrive\Desktop\Chithra_GSIT\Dec_My Automation Framework\OpenCart_My_Automation\grouping.xml"
2025-12-18 19:38:09 INFO  TC_001_AccountRegistrationTest:15 -
			Starting TC001_AccountRegistrationTest
2025-12-18 19:38:09 DEBUG TC_001_AccountRegistrationTest:16 -
			This is a debug log message
2025-12-18 19:38:09 INFO  TC_001_AccountRegistrationTest:19 -
			Clicked on MyAccount link
2025-12-18 19:38:11 INFO  TC_001_AccountRegistrationTest:22 -
			Clicked on Register link
2025-12-18 19:38:11 INFO  TC_001_AccountRegistrationTest:25 -
			Providing Customer details
2025-12-18 19:38:14 INFO  TC_001_AccountRegistrationTest:36 -
			Validating expected message....
2025-12-18 19:38:14 INFO  TC_001_AccountRegistrationTest:48 -
			** Finished TC001_Account ***
2025-12-18 19:38:17 INFO  TC_002_LoginTest:20 -
			****Starting TC_002_LoginTest*********
2025-12-18 21:31:25 DEBUG TestNG:82 -
			suiteXmlPath: "C:\Users\Chithra\OneDrive\Desktop\Chithra_GSIT\Dec_My Automation Framework\OpenCart_My_Automation\grouping.xml"
2025-12-18 21:31:38 INFO  TC_001_AccountRegistrationTest:15 -
			Starting TC001_AccountRegistrationTest
2025-12-18 21:31:38 DEBUG TC_001_AccountRegistrationTest:16 -
			This is a debug log message
2025-12-18 21:31:38 INFO  TC_001_AccountRegistrationTest:19 -
			Clicked on MyAccount link
2025-12-18 21:31:40 INFO  TC_001_AccountRegistrationTest:22 -
			Clicked on Register link
2025-12-18 21:31:40 INFO  TC_001_AccountRegistrationTest:25 -
			Providing Customer details
2025-12-18 21:31:45 INFO  TC_001_AccountRegistrationTest:36 -
			Validating expected message....
2025-12-18 21:31:45 INFO  TC_001_AccountRegistrationTest:48 -
			** Finished TC001_Account ***
2025-12-18 21:31:53 INFO  TC_002_LoginTest:20 -
			****Starting TC_002_LoginTest*********
2025-12-18 21:33:53 DEBUG TestNG:82 -
			suiteXmlPath: "C:\Users\Chithra\OneDrive\Desktop\Chithra_GSIT\Dec_My Automation Framework\OpenCart_My_Automation\grouping.xml"
2025-12-18 21:33:59 INFO  TC_001_AccountRegistrationTest:15 -
			Starting TC001_AccountRegistrationTest
2025-12-18 21:33:59 DEBUG TC_001_AccountRegistrationTest:16 -
			This is a debug log message
2025-12-18 21:33:59 INFO  TC_001_AccountRegistrationTest:19 -
			Clicked on MyAccount link
2025-12-18 21:34:00 INFO  TC_001_AccountRegistrationTest:22 -
			Clicked on Register link
2025-12-18 21:34:00 INFO  TC_001_AccountRegistrationTest:25 -
			Providing Customer details
2025-12-18 21:34:03 INFO  TC_001_AccountRegistrationTest:36 -
			Validating expected message....
2025-12-18 21:34:03 INFO  TC_001_AccountRegistrationTest:48 -
			** Finished TC001_Account ***
2025-12-18 21:34:08 INFO  TC_002_LoginTest:20 -
			****Starting TC_002_LoginTest*********
2025-12-18 21:46:00 DEBUG TestNG:82 -
			suiteXmlPath: "C:\Users\Chithra\OneDrive\Desktop\Chithra_GSIT\Dec_My Automation Framework\OpenCart_My_Automation\grouping.xml"
2025-12-18 21:46:05 INFO  TC_001_AccountRegistrationTest:15 -
			Starting TC001_AccountRegistrationTest
2025-12-18 21:46:05 DEBUG TC_001_AccountRegistrationTest:16 -
			This is a debug log message
2025-12-18 21:46:05 INFO  TC_001_AccountRegistrationTest:19 -
			Clicked on MyAccount link
2025-12-18 21:46:06 INFO  TC_001_AccountRegistrationTest:22 -
			Clicked on Register link
2025-12-18 21:46:06 INFO  TC_001_AccountRegistrationTest:25 -
			Providing Customer details
2025-12-18 21:46:09 INFO  TC_001_AccountRegistrationTest:36 -
			Validating expected message....
2025-12-18 21:46:09 INFO  TC_001_AccountRegistrationTest:48 -
			** Finished TC001_Account ***
2025-12-18 21:46:12 INFO  TC_002_LoginTest:20 -
			****Starting TC_002_LoginTest*********
